Diego Galván Martínez
05/11/2023 06:53:40 p. m.
i =  1 = 1
for: i
j =  250 = 250
for: j
 250 + 2 % 0 250 + 2 % 0j =  250 = 250
for: j
 250 + 2 % 0 250 + 2 % 0 250 + 2 % 0j =  250 = 250
for: j
 250 + 2 % 0 250 + 2 % 0 250 + 2 % 0 250 + 2 % 0j =  250 = 250
for: j
 250 + 2 % 0 250 + 2 % 0 250 + 2 % 0 250 + 2 % 0 250 + 2 % 0j =  250 = 250
for: j
 250 + 2 % 0 250 + 2 % 0 250 + 2 % 0 250 + 2 % 0 250 + 2 % 0 250 + 2 % 0j =  250 = 250
for: j
 250 + 2 % 0i =  1 = 1
while: 
j =  250 = 250
while: 
 250 + 2 % 0j =  = 251
 250 + 2 % 0j =  = 252
i =  = 2
j =  250 = 250
while: 
 250 + 2 % 0j =  = 251
 250 + 2 % 0j =  = 252
 250 + 2 % 0j =  = 253
i =  = 3
j =  250 = 250
while: 
 250 + 2 % 0j =  = 251
 250 + 2 % 0j =  = 252
 250 + 2 % 0j =  = 253
 250 + 2 % 0j =  = 254
i =  = 4
j =  250 = 250
while: 
 250 + 2 % 0j =  = 251
 250 + 2 % 0j =  = 252
 250 + 2 % 0j =  = 253
 250 + 2 % 0j =  = 254
 250 + 2 % 0j =  = 255
i =  = 5
j =  250 = 250
while: 
 250 + 2 % 0j =  = 251
 250 + 2 % 0j =  = 252
 250 + 2 % 0j =  = 253
 250 + 2 % 0j =  = 254
 250 + 2 % 0j =  = 255
 250 + 2 % 0j =  = 256
i =  = 6
j =  250 = 250
while: 
 250 + 2 % 0j =  = 256
i =  = 7
i =  1 = 1
do: 
j =  250 = 250
do: 
 2 % 0j =  = 251
 250 +i =  = 2
j =  250 = 250
do: 
 2 % 0j =  = 251
 250 + 2 % 0j =  = 252
 250 +i =  = 3
j =  250 = 250
do: 
 2 % 0j =  = 251
 250 + 2 % 0j =  = 252
 250 + 2 % 0j =  = 253
 250 +i =  = 4
j =  250 = 250
do: 
 2 % 0j =  = 251
 250 + 2 % 0j =  = 252
 250 + 2 % 0j =  = 253
 250 + 2 % 0j =  = 254
 250 +i =  = 5
j =  250 = 250
do: 
 2 % 0j =  = 251
 250 + 2 % 0j =  = 252
 250 + 2 % 0j =  = 253
 250 + 2 % 0j =  = 254
 250 + 2 % 0j =  = 255
 250 +i =  = 6
-----------------
V a r i a b l e s
-----------------
altura Int = 5
i Int = 6
j Int = 255
k Int = 0
-----------------
